0 info it worked if it ends with ok
1 verbose cli [ 'C:\\Program Files\\nodejs\\node.exe',
1 verbose cli   'C:\\Program Files\\nodejs\\node_modules\\npm\\bin\\npm-cli.js',
1 verbose cli   'install',
1 verbose cli   '-g',
1 verbose cli   'n' ]
2 info using npm@3.10.10
3 info using node@v6.9.5
4 silly loadCurrentTree Starting
5 silly install loadCurrentTree
6 silly install readGlobalPackageData
7 silly fetchPackageMetaData n
8 silly fetchNamedPackageData n
9 silly mapToRegistry name n
10 silly mapToRegistry using default registry
11 silly mapToRegistry registry https://registry.npm.taobao.org/
12 silly mapToRegistry data Result {
12 silly mapToRegistry   raw: 'n',
12 silly mapToRegistry   scope: null,
12 silly mapToRegistry   escapedName: 'n',
12 silly mapToRegistry   name: 'n',
12 silly mapToRegistry   rawSpec: '',
12 silly mapToRegistry   spec: 'latest',
12 silly mapToRegistry   type: 'tag' }
13 silly mapToRegistry uri https://registry.npm.taobao.org/n
14 verbose request uri https://registry.npm.taobao.org/n
15 verbose request no auth needed
16 info attempt registry request try #1 at 21:38:13
17 verbose request id 8ed9e3ff08931e43
18 http request GET https://registry.npm.taobao.org/n
19 http 200 https://registry.npm.taobao.org/n
20 verbose headers { server: 'Tengine',
20 verbose headers   'content-type': 'application/json; charset=utf-8',
20 verbose headers   'content-length': '19924',
20 verbose headers   connection: 'keep-alive',
20 verbose headers   date: 'Thu, 16 Apr 2020 13:38:14 GMT',
20 verbose headers   'x-current-requests': '1',
20 verbose headers   vary: 'accept, accept-encoding',
20 verbose headers   etag: 'W/"b4f5562b1fe5b07d48fdccefea79c672"',
20 verbose headers   'cache-control': 'max-age=0, s-maxage=120, must-revalidate',
20 verbose headers   'x-readtime': '38',
20 verbose headers   via: 'cn1588.l1, kunlun1.cn1588, l2cn2270.l2, cache2.l2cn2270, izbp11dsagbzylz6yon5vvz, cache2.l2cn2270[81,304-0,H], cache14.l2cn2270[83,0], kunlun1.cn1588[90,200-0,H], kunlun9.cn1588[93,0]',
20 verbose headers   'content-encoding': 'gzip',
20 verbose headers   'ali-swift-global-savetime': '1586585247',
20 verbose headers   age: '0',
20 verbose headers   'x-cache': 'HIT TCP_REFRESH_HIT dirn:0:55034560',
20 verbose headers   'x-swift-savetime': 'Thu, 16 Apr 2020 13:38:14 GMT',
20 verbose headers   'x-swift-cachetime': '120',
20 verbose headers   'timing-allow-origin': '*',
20 verbose headers   eagleid: '6f06f32715870442945843051e' }
21 silly get cb [ 200,
21 silly get   { server: 'Tengine',
21 silly get     'content-type': 'application/json; charset=utf-8',
21 silly get     'content-length': '19924',
21 silly get     connection: 'keep-alive',
21 silly get     date: 'Thu, 16 Apr 2020 13:38:14 GMT',
21 silly get     'x-current-requests': '1',
21 silly get     vary: 'accept, accept-encoding',
21 silly get     etag: 'W/"b4f5562b1fe5b07d48fdccefea79c672"',
21 silly get     'cache-control': 'max-age=0, s-maxage=120, must-revalidate',
21 silly get     'x-readtime': '38',
21 silly get     via: 'cn1588.l1, kunlun1.cn1588, l2cn2270.l2, cache2.l2cn2270, izbp11dsagbzylz6yon5vvz, cache2.l2cn2270[81,304-0,H], cache14.l2cn2270[83,0], kunlun1.cn1588[90,200-0,H], kunlun9.cn1588[93,0]',
21 silly get     'content-encoding': 'gzip',
21 silly get     'ali-swift-global-savetime': '1586585247',
21 silly get     age: '0',
21 silly get     'x-cache': 'HIT TCP_REFRESH_HIT dirn:0:55034560',
21 silly get     'x-swift-savetime': 'Thu, 16 Apr 2020 13:38:14 GMT',
21 silly get     'x-swift-cachetime': '120',
21 silly get     'timing-allow-origin': '*',
21 silly get     eagleid: '6f06f32715870442945843051e' } ]
22 verbose get saving n to C:\Users\柴梦妍\AppData\Roaming\npm-cache\registry.npm.taobao.org\n\.cache.json
23 verbose correctMkdir C:\Users\柴梦妍\AppData\Roaming\npm-cache correctMkdir not in flight; initializing
24 verbose makeDirectory C:\Users\柴梦妍\AppData\Roaming\npm-cache creation not in flight; initializing
25 verbose makeCacheDir UID & GID are irrelevant on win32
26 silly install normalizeTree
27 silly loadCurrentTree Finishing
28 silly loadIdealTree Starting
29 silly install loadIdealTree
30 silly cloneCurrentTree Starting
31 silly install cloneCurrentTreeToIdealTree
32 silly cloneCurrentTree Finishing
33 silly loadShrinkwrap Starting
34 silly install loadShrinkwrap
35 silly loadShrinkwrap Finishing
36 silly loadAllDepsIntoIdealTree Starting
37 silly install loadAllDepsIntoIdealTree
38 silly rollbackFailedOptional Starting
39 silly rollbackFailedOptional Finishing
40 silly runTopLevelLifecycles Finishing
41 silly install printInstalled
42 verbose stack Error: Unsupported platform for n@6.5.1: wanted {"name":"n","description":"Interactively Manage All Your Node Versions","version":"6.5.1","author":{"name":"TJ Holowaychuk","email":"tj@vision-media.ca"},"homepage":"https://github.com/tj/n","bugs":{"url":"https://github.com/tj/n/issues"},"contributors":[{"name":"Travis Webb","email":"me@traviswebb.com"},{"name":"Nimit Kalra","email":"me@nimit.io","url":"http://nimit.io"},{"name":"Troy Connor","email":"troy0820@gmail.com","url":"https://github.com/troy0820"}],"keywords":["nvm","node","version","manager","switcher","node","binary","env"],"bin":{"n":"bin/n"},"repository":{"type":"git","url":"git://github.com/tj/n.git"},"scripts":{"test":"test/bin/run-all-tests"},"devDependencies":{"bats":"^1.1.0"},"preferGlobal":true,"os":["!win32"],"engines":{"node":"*"},"license":"MIT","gitHead":"8c55fba3d504a69e79946dfef1ad242c67f27552","_id":"n@6.5.1","_nodeVersion":"12.14.1","_npmVersion":"6.13.4","dist":{"shasum":"57e736d39994e1f5cc49f09fbd143d1e7d82118d","size":19018,"noattachment":false,"tarball":"https://registry.npm.taobao.org/n/download/n-6.5.1.tgz"},"maintainers":[{"name":"bat","email":"ben@benatkin.com"},{"name":"qw3rtman","email":"nimit@nimitkalra.com"},{"name":"shadowspawn","email":"npm_j@ruru.gen.nz"},{"name":"tjholowaychuk","email":"tj@vision-media.ca"},{"name":"tjwebb","email":"me@traviswebb.com"},{"name":"troy0820","email":"troy.connor@yahoo.com"}],"_npmUser":{"name":"shadowspawn","email":"npm_j@ruru.gen.nz"},"directories":{},"_npmOperationalInternal":{"host":"s3://npm-registry-packages","tmp":"tmp/n_6.5.1_1586584074537_0.6729689065460644"},"_hasShrinkwrap":false,"publish_time":1586584074708,"_cnpm_publish_time":1586584074708,"_from":"n","_resolved":"https://registry.npm.taobao.org/n/download/n-6.5.1.tgz","_shasum":"57e736d39994e1f5cc49f09fbd143d1e7d82118d","_requested":{"raw":"n","scope":null,"escapedName":"n","name":"n","rawSpec":"","spec":"latest","type":"tag"},"_spec":"n","_where":"C:\\Users\\柴梦妍\\Desktop\\forum","_args":[[{"raw":"n","scope":null,"escapedName":"n","name":"n","rawSpec":"","spec":"latest","type":"tag"},"C:\\Users\\柴梦妍\\Desktop\\forum"]],"readme":"ERROR: No README data found!"} (current: {"os":"win32","cpu":"x64"})
42 verbose stack     at checkPlatform (C:\Program Files\nodejs\node_modules\npm\node_modules\npm-install-checks\index.js:45:14)
42 verbose stack     at thenWarnEngineIssues (C:\Program Files\nodejs\node_modules\npm\lib\install\validate-args.js:41:5)
42 verbose stack     at C:\Program Files\nodejs\node_modules\npm\node_modules\iferr\index.js:13:50
42 verbose stack     at checkEngine (C:\Program Files\nodejs\node_modules\npm\node_modules\npm-install-checks\index.js:24:10)
42 verbose stack     at module.exports.isInstallable (C:\Program Files\nodejs\node_modules\npm\lib\install\validate-args.js:38:3)
42 verbose stack     at Array.<anonymous> (C:\Program Files\nodejs\node_modules\npm\node_modules\slide\lib\bind-actor.js:15:8)
42 verbose stack     at LOOP (C:\Program Files\nodejs\node_modules\npm\node_modules\slide\lib\chain.js:15:14)
42 verbose stack     at C:\Program Files\nodejs\node_modules\npm\node_modules\slide\lib\chain.js:18:7
42 verbose stack     at checkSelf (C:\Program Files\nodejs\node_modules\npm\lib\install\validate-args.js:46:72)
42 verbose stack     at Array.<anonymous> (C:\Program Files\nodejs\node_modules\npm\node_modules\slide\lib\bind-actor.js:15:8)
43 verbose pkgid n@6.5.1
44 verbose cwd C:\Users\柴梦妍\Desktop\forum
45 error Windows_NT 10.0.18362
46 error argv "C:\\Program Files\\nodejs\\node.exe" "C:\\Program Files\\nodejs\\node_modules\\npm\\bin\\npm-cli.js" "install" "-g" "n"
47 error node v6.9.5
48 error npm  v3.10.10
49 error code EBADPLATFORM
50 error notsup Unsupported platform for n@6.5.1: wanted {"os":"!win32","arch":"any"} (current: {"os":"win32","arch":"x64"})
51 error notsup Valid OS:    !win32
51 error notsup Valid Arch:  any
51 error notsup Actual OS:   win32
51 error notsup Actual Arch: x64
52 verbose exit [ 1, true ]
