0 info it worked if it ends with ok
1 verbose cli [ 'C:\\Program Files\\nodejs\\node.exe',
1 verbose cli   'C:\\Program Files\\nodejs\\node_modules\\npm\\bin\\npm-cli.js',
1 verbose cli   'install',
1 verbose cli   '-g',
1 verbose cli   'n' ]
2 info using npm@3.10.10
3 info using node@v6.9.5
4 silly loadCurrentTree Starting
5 silly install loadCurrentTree
6 silly install readGlobalPackageData
7 silly fetchPackageMetaData n
8 silly fetchNamedPackageData n
9 silly mapToRegistry name n
10 silly mapToRegistry using default registry
11 silly mapToRegistry registry https://registry.npm.taobao.org/
12 silly mapToRegistry data Result {
12 silly mapToRegistry   raw: 'n',
12 silly mapToRegistry   scope: null,
12 silly mapToRegistry   escapedName: 'n',
12 silly mapToRegistry   name: 'n',
12 silly mapToRegistry   rawSpec: '',
12 silly mapToRegistry   spec: 'latest',
12 silly mapToRegistry   type: 'tag' }
13 silly mapToRegistry uri https://registry.npm.taobao.org/n
14 verbose request uri https://registry.npm.taobao.org/n
15 verbose request no auth needed
16 info attempt registry request try #1 at 21:44:36
17 verbose request id 129a4e93b7f0056b
18 verbose etag W/"b4f5562b1fe5b07d48fdccefea79c672"
19 http request GET https://registry.npm.taobao.org/n
20 info retry will retry, error on last attempt: Error: unexpected end of file
21 info attempt registry request try #2 at 21:44:47
22 verbose etag W/"b4f5562b1fe5b07d48fdccefea79c672"
23 http request GET https://registry.npm.taobao.org/n
24 info retry will retry, error on last attempt: Error: unexpected end of file
25 info attempt registry request try #3 at 21:45:47
26 verbose etag W/"b4f5562b1fe5b07d48fdccefea79c672"
27 http request GET https://registry.npm.taobao.org/n
28 silly get cb [ 304, undefined ]
29 verbose etag https://registry.npm.taobao.org/n from cache
30 verbose get saving n to C:\Users\柴梦妍\AppData\Roaming\npm-cache\registry.npm.taobao.org\n\.cache.json
31 verbose correctMkdir C:\Users\柴梦妍\AppData\Roaming\npm-cache correctMkdir not in flight; initializing
32 silly install normalizeTree
33 silly loadCurrentTree Finishing
34 silly loadIdealTree Starting
35 silly install loadIdealTree
36 silly cloneCurrentTree Starting
37 silly install cloneCurrentTreeToIdealTree
38 silly cloneCurrentTree Finishing
39 silly loadShrinkwrap Starting
40 silly install loadShrinkwrap
41 silly loadShrinkwrap Finishing
42 silly loadAllDepsIntoIdealTree Starting
43 silly install loadAllDepsIntoIdealTree
44 silly rollbackFailedOptional Starting
45 silly rollbackFailedOptional Finishing
46 silly runTopLevelLifecycles Finishing
47 silly install printInstalled
48 verbose stack Error: Unsupported platform for n@6.5.1: wanted {"name":"n","description":"Interactively Manage All Your Node Versions","version":"6.5.1","author":{"name":"TJ Holowaychuk","email":"tj@vision-media.ca"},"homepage":"https://github.com/tj/n","bugs":{"url":"https://github.com/tj/n/issues"},"contributors":[{"name":"Travis Webb","email":"me@traviswebb.com"},{"name":"Nimit Kalra","email":"me@nimit.io","url":"http://nimit.io"},{"name":"Troy Connor","email":"troy0820@gmail.com","url":"https://github.com/troy0820"}],"keywords":["nvm","node","version","manager","switcher","node","binary","env"],"bin":{"n":"bin/n"},"repository":{"type":"git","url":"git://github.com/tj/n.git"},"scripts":{"test":"test/bin/run-all-tests"},"devDependencies":{"bats":"^1.1.0"},"preferGlobal":true,"os":["!win32"],"engines":{"node":"*"},"license":"MIT","gitHead":"8c55fba3d504a69e79946dfef1ad242c67f27552","_id":"n@6.5.1","_nodeVersion":"12.14.1","_npmVersion":"6.13.4","dist":{"shasum":"57e736d39994e1f5cc49f09fbd143d1e7d82118d","size":19018,"noattachment":false,"tarball":"https://registry.npm.taobao.org/n/download/n-6.5.1.tgz"},"maintainers":[{"name":"bat","email":"ben@benatkin.com"},{"name":"qw3rtman","email":"nimit@nimitkalra.com"},{"name":"shadowspawn","email":"npm_j@ruru.gen.nz"},{"name":"tjholowaychuk","email":"tj@vision-media.ca"},{"name":"tjwebb","email":"me@traviswebb.com"},{"name":"troy0820","email":"troy.connor@yahoo.com"}],"_npmUser":{"name":"shadowspawn","email":"npm_j@ruru.gen.nz"},"directories":{},"_npmOperationalInternal":{"host":"s3://npm-registry-packages","tmp":"tmp/n_6.5.1_1586584074537_0.6729689065460644"},"_hasShrinkwrap":false,"publish_time":1586584074708,"_cnpm_publish_time":1586584074708,"_from":"n","_resolved":"https://registry.npm.taobao.org/n/download/n-6.5.1.tgz","_shasum":"57e736d39994e1f5cc49f09fbd143d1e7d82118d","_requested":{"raw":"n","scope":null,"escapedName":"n","name":"n","rawSpec":"","spec":"latest","type":"tag"},"_spec":"n","_where":"C:\\Users\\柴梦妍\\Desktop\\forum\\views","_args":[[{"raw":"n","scope":null,"escapedName":"n","name":"n","rawSpec":"","spec":"latest","type":"tag"},"C:\\Users\\柴梦妍\\Desktop\\forum\\views"]],"readme":"ERROR: No README data found!"} (current: {"os":"win32","cpu":"x64"})
48 verbose stack     at checkPlatform (C:\Program Files\nodejs\node_modules\npm\node_modules\npm-install-checks\index.js:45:14)
48 verbose stack     at thenWarnEngineIssues (C:\Program Files\nodejs\node_modules\npm\lib\install\validate-args.js:41:5)
48 verbose stack     at C:\Program Files\nodejs\node_modules\npm\node_modules\iferr\index.js:13:50
48 verbose stack     at checkEngine (C:\Program Files\nodejs\node_modules\npm\node_modules\npm-install-checks\index.js:24:10)
48 verbose stack     at module.exports.isInstallable (C:\Program Files\nodejs\node_modules\npm\lib\install\validate-args.js:38:3)
48 verbose stack     at Array.<anonymous> (C:\Program Files\nodejs\node_modules\npm\node_modules\slide\lib\bind-actor.js:15:8)
48 verbose stack     at LOOP (C:\Program Files\nodejs\node_modules\npm\node_modules\slide\lib\chain.js:15:14)
48 verbose stack     at C:\Program Files\nodejs\node_modules\npm\node_modules\slide\lib\chain.js:18:7
48 verbose stack     at checkSelf (C:\Program Files\nodejs\node_modules\npm\lib\install\validate-args.js:46:72)
48 verbose stack     at Array.<anonymous> (C:\Program Files\nodejs\node_modules\npm\node_modules\slide\lib\bind-actor.js:15:8)
49 verbose pkgid n@6.5.1
50 verbose cwd C:\Users\柴梦妍\Desktop\forum\views
51 error Windows_NT 10.0.18362
52 error argv "C:\\Program Files\\nodejs\\node.exe" "C:\\Program Files\\nodejs\\node_modules\\npm\\bin\\npm-cli.js" "install" "-g" "n"
53 error node v6.9.5
54 error npm  v3.10.10
55 error code EBADPLATFORM
56 error notsup Unsupported platform for n@6.5.1: wanted {"os":"!win32","arch":"any"} (current: {"os":"win32","arch":"x64"})
57 error notsup Valid OS:    !win32
57 error notsup Valid Arch:  any
57 error notsup Actual OS:   win32
57 error notsup Actual Arch: x64
58 verbose exit [ 1, true ]
